2021-12-29 18:07:22,302 - /home/xuan/project/tpidentify/config/config.py[func:create_app line:20] - INFO: Your config mode is dev
2021-12-29 18:07:23,257 - /home/xuan/miniconda3/envs/tpidentify/lib/python3.8/site-packages/jieba/__init__.py[func:initialize line:113] - DEBUG: Building prefix dict from the default dictionary ...
2021-12-29 18:07:23,257 - /home/xuan/miniconda3/envs/tpidentify/lib/python3.8/site-packages/jieba/__init__.py[func:initialize line:132] - DEBUG: Loading model from cache /tmp/jieba.cache
2021-12-29 18:07:23,873 - /home/xuan/miniconda3/envs/tpidentify/lib/python3.8/site-packages/jieba/__init__.py[func:initialize line:146] - DEBUG: Dumping model to file cache /tmp/jieba.cache
2021-12-29 18:07:23,920 - /home/xuan/miniconda3/envs/tpidentify/lib/python3.8/site-packages/jieba/__init__.py[func:initialize line:156] - ERROR: Dump cache file failed.
Traceback (most recent call last):
  File "/home/xuan/miniconda3/envs/tpidentify/lib/python3.8/site-packages/jieba/__init__.py", line 154, in initialize
    _replace_file(fpath, cache_file)
PermissionError: [Errno 1] Operation not permitted: '/tmp/tmppqxmrjw2' -> '/tmp/jieba.cache'
2021-12-29 18:07:23,921 - /home/xuan/miniconda3/envs/tpidentify/lib/python3.8/site-packages/jieba/__init__.py[func:initialize line:164] - DEBUG: Loading model cost 0.663 seconds.
2021-12-29 18:07:23,921 - /home/xuan/miniconda3/envs/tpidentify/lib/python3.8/site-packages/jieba/__init__.py[func:initialize line:166] - DEBUG: Prefix dict has been built successfully.
2021-12-29 18:07:29,104 - /home/xuan/miniconda3/envs/tpidentify/lib/python3.8/site-packages/matplotlib/font_manager.py[func:_load_fontmanager line:1443] - INFO: generated new fontManager
2021-12-29 18:07:29,735 - /home/xuan/miniconda3/envs/tpidentify/lib/python3.8/site-packages/sqlalchemy/log.py[func:info line:117] - INFO: SHOW VARIABLES LIKE 'sql_mode'
2021-12-29 18:07:29,735 - /home/xuan/miniconda3/envs/tpidentify/lib/python3.8/site-packages/sqlalchemy/log.py[func:info line:117] - INFO: [raw sql] {}
2021-12-29 18:07:29,744 - /home/xuan/miniconda3/envs/tpidentify/lib/python3.8/site-packages/sqlalchemy/log.py[func:info line:117] - INFO: SHOW VARIABLES LIKE 'lower_case_table_names'
2021-12-29 18:07:29,744 - /home/xuan/miniconda3/envs/tpidentify/lib/python3.8/site-packages/sqlalchemy/log.py[func:info line:117] - INFO: [generated in 0.00048s] {}
2021-12-29 18:07:29,759 - /home/xuan/miniconda3/envs/tpidentify/lib/python3.8/site-packages/sqlalchemy/log.py[func:info line:117] - INFO: SELECT DATABASE()
2021-12-29 18:07:29,759 - /home/xuan/miniconda3/envs/tpidentify/lib/python3.8/site-packages/sqlalchemy/log.py[func:info line:117] - INFO: [raw sql] {}
2021-12-29 18:07:29,781 - /home/xuan/miniconda3/envs/tpidentify/lib/python3.8/site-packages/sqlalchemy/log.py[func:info line:117] - INFO: BEGIN (implicit)
2021-12-29 18:07:29,787 - /home/xuan/miniconda3/envs/tpidentify/lib/python3.8/site-packages/sqlalchemy/log.py[func:info line:117] - INFO: SELECT hb_dongguang_enterprise.id AS hb_dongguang_enterprise_id, hb_dongguang_enterprise.name AS hb_dongguang_enterprise_name, hb_dongguang_enterprise.reg_status AS hb_dongguang_enterprise_reg_status, hb_dongguang_enterprise.reg_capital AS hb_dongguang_enterprise_reg_capital, hb_dongguang_enterprise.establish_data AS hb_dongguang_enterprise_establish_data, hb_dongguang_enterprise.approval_data AS hb_dongguang_enterprise_approval_data, hb_dongguang_enterprise.province AS hb_dongguang_enterprise_province, hb_dongguang_enterprise.city AS hb_dongguang_enterprise_city, hb_dongguang_enterprise.county AS hb_dongguang_enterprise_county, hb_dongguang_enterprise.industry AS hb_dongguang_enterprise_industry, hb_dongguang_enterprise.address AS hb_dongguang_enterprise_address, hb_dongguang_enterprise.business_scope AS hb_dongguang_enterprise_business_scope, hb_dongguang_enterprise.business_scope_words AS hb_dongguang_enterprise_business_scope_words, hb_dongguang_enterprise.research_field AS hb_dongguang_enterprise_research_field 
FROM hb_dongguang_enterprise 
WHERE hb_dongguang_enterprise.id = %(pk_1)s
2021-12-29 18:07:29,788 - /home/xuan/miniconda3/envs/tpidentify/lib/python3.8/site-packages/sqlalchemy/log.py[func:info line:117] - INFO: [generated in 0.00060s] {'pk_1': 1}
2021-12-29 18:07:29,797 - /home/xuan/miniconda3/envs/tpidentify/lib/python3.8/site-packages/sqlalchemy/log.py[func:info line:117] - INFO: ROLLBACK
